<?xml version="1.0" encoding="UTF-8"?>
<!-- Generated by org.testng.reporters.JUnitXMLReporter -->
<testsuite hostname="DESKTOP-2SEFOJD" ignored="0" name="CambiTest2" tests="3" failures="3" timestamp="2020-04-03T15:00:45 IST" time="260.742" errors="0">
  <testcase name="SignUp" time="26.556" classname="com.cambi.testscript.SignUpTest">
    <failure type="java.lang.AssertionError" message="OK button is not appearing did not expect to find [true] but found [false]">
      <![CDATA[java.lang.AssertionError: OK button is not appearing did not expect to find [true] but found [false]
at com.cambi.pages.SignUpPage.tapOnOKBttn(SignUpPage.java:81)
at com.cambi.testscript.SignUpTest.SignUp(SignUpTest.java:42)
at java.util.ArrayList.forEach(Unknown Source)
... Removed 30 stack frames]]>
    </failure>
  </testcase> <!-- SignUp -->
  <testcase name="verifyMinimumCharacter" time="45.652" classname="com.cambi.testscript.SignUpTest">
    <failure type="org.openqa.selenium.NoSuchElementException" message="An element could not be located on the page using the given search parameters. (WARNING: The server did not provide any stacktrace information)
Command duration or timeout: 30.67 seconds
For documentation on this error, please visit: http://seleniumhq.org/exceptions/no_such_element.html
Build info: version: &amp;apos;3.4.0&amp;apos;, revision: &amp;apos;unknown&amp;apos;, time: &amp;apos;unknown&amp;apos;
System info: host: &amp;apos;DESKTOP-2SEFOJD&amp;apos;, ip: &amp;apos;192.168.43.3&amp;apos;, os.name: &amp;apos;Windows 10&amp;apos;, os.arch: &amp;apos;amd64&amp;apos;, os.version: &amp;apos;10.0&amp;apos;, java.version: &amp;apos;1.8.0_241&amp;apos;
Driver info: io.appium.java_client.android.AndroidDriver
Capabilities [{appPackage=io.cambi, statBarHeight=78, viewportRect={top=78, left=0, width=1080, height=2053}, deviceName=5200459f4e5c8625, platform=LINUX, deviceUDID=5200459f4e5c8625, desired={app=D:\consumer-dev-2020-01-29.apk, appPackage=io.cambi, platformVersion=10, appWaitActivity=io.cambi.activities.*, autoGrantPermissions=true, platformName=Android, udid=5200459f4e5c8625, deviceName=Galaxy M30, –full-reset=true}, platformVersion=10, webStorageEnabled=false, takesScreenshot=true, javascriptEnabled=true, platformName=Android, udid=5200459f4e5c8625, deviceApiLevel=29, deviceManufacturer=samsung, –full-reset=true, app=D:\consumer-dev-2020-01-29.apk, deviceScreenSize=1080x2340, networkConnectionEnabled=true, warnings={}, appWaitActivity=io.cambi.activities.*, databaseEnabled=false, pixelRatio=2.625, locationContextEnabled=false, autoGrantPermissions=true, deviceScreenDensity=420, deviceModel=SM-M305F}]
Session ID: 06ac7b14-a312-4c95-b9b1-e2cbd74939c8
*** Element info: {Using=xpath, value=//android.widget.EditText[@text=&amp;apos;Enter Token&amp;apos;]}">
      <![CDATA[org.openqa.selenium.NoSuchElementException: An element could not be located on the page using the given search parameters. (WARNING: The server did not provide any stacktrace information)
Command duration or timeout: 30.67 seconds
For documentation on this error, please visit: http://seleniumhq.org/exceptions/no_such_element.html
Build info: version: '3.4.0', revision: 'unknown', time: 'unknown'
System info: host: 'DESKTOP-2SEFOJD', ip: '192.168.43.3', os.name: 'Windows 10', os.arch: 'amd64', os.version: '10.0', java.version: '1.8.0_241'
Driver info: io.appium.java_client.android.AndroidDriver
Capabilities [{appPackage=io.cambi, statBarHeight=78, viewportRect={top=78, left=0, width=1080, height=2053}, deviceName=5200459f4e5c8625, platform=LINUX, deviceUDID=5200459f4e5c8625, desired={app=D:\consumer-dev-2020-01-29.apk, appPackage=io.cambi, platformVersion=10, appWaitActivity=io.cambi.activities.*, autoGrantPermissions=true, platformName=Android, udid=5200459f4e5c8625, deviceName=Galaxy M30, –full-reset=true}, platformVersion=10, webStorageEnabled=false, takesScreenshot=true, javascriptEnabled=true, platformName=Android, udid=5200459f4e5c8625, deviceApiLevel=29, deviceManufacturer=samsung, –full-reset=true, app=D:\consumer-dev-2020-01-29.apk, deviceScreenSize=1080x2340, networkConnectionEnabled=true, warnings={}, appWaitActivity=io.cambi.activities.*, databaseEnabled=false, pixelRatio=2.625, locationContextEnabled=false, autoGrantPermissions=true, deviceScreenDensity=420, deviceModel=SM-M305F}]
Session ID: 06ac7b14-a312-4c95-b9b1-e2cbd74939c8
*** Element info: {Using=xpath, value=//android.widget.EditText[@text='Enter Token']}
at org.openqa.selenium.remote.ErrorHandler.createThrowable(ErrorHandler.java:215)
at org.openqa.selenium.remote.ErrorHandler.throwIfResponseFailed(ErrorHandler.java:167)
at org.openqa.selenium.remote.RemoteWebDriver.execute(RemoteWebDriver.java:671)
at io.appium.java_client.DefaultGenericMobileDriver.execute(DefaultGenericMobileDriver.java:42)
at io.appium.java_client.AppiumDriver.execute(AppiumDriver.java:1)
at io.appium.java_client.android.AndroidDriver.execute(AndroidDriver.java:1)
at org.openqa.selenium.remote.RemoteWebDriver.findElement(RemoteWebDriver.java:410)
at io.appium.java_client.DefaultGenericMobileDriver.findElement(DefaultGenericMobileDriver.java:62)
at io.appium.java_client.AppiumDriver.findElement(AppiumDriver.java:1)
at io.appium.java_client.android.AndroidDriver.findElement(AndroidDriver.java:1)
at org.openqa.selenium.remote.RemoteWebDriver.findElementByXPath(RemoteWebDriver.java:509)
at io.appium.java_client.DefaultGenericMobileDriver.findElementByXPath(DefaultGenericMobileDriver.java:140)
at io.appium.java_client.AppiumDriver.findElementByXPath(AppiumDriver.java:1)
at io.appium.java_client.android.AndroidDriver.findElementByXPath(AndroidDriver.java:1)
at org.openqa.selenium.By$ByXPath.findElement(By.java:361)
at org.openqa.selenium.remote.RemoteWebDriver.findElement(RemoteWebDriver.java:402)
at io.appium.java_client.DefaultGenericMobileDriver.findElement(DefaultGenericMobileDriver.java:58)
at io.appium.java_client.AppiumDriver.findElement(AppiumDriver.java:1)
at io.appium.java_client.android.AndroidDriver.findElement(AndroidDriver.java:1)
at org.openqa.selenium.support.pagefactory.DefaultElementLocator.findElement(DefaultElementLocator.java:69)
at org.openqa.selenium.support.pagefactory.internal.LocatingElementHandler.invoke(LocatingElementHandler.java:38)
at com.sun.proxy.$Proxy10.click(Unknown Source)
at com.cambi.selenium.framework.BasePage.clickOn(BasePage.java:107)
at com.cambi.pages.SignUpPage.enterTokenTextfield(SignUpPage.java:99)
at com.cambi.testscript.SignUpTest.verifyMinimumCharacter(SignUpTest.java:101)
at java.util.ArrayList.forEach(Unknown Source)
... Removed 31 stack frames]]>
    </failure>
  </testcase> <!-- verifyMinimumCharacter -->
  <testcase name="verifyDifferentTextCharacter" time="46.325" classname="com.cambi.testscript.SignUpTest">
    <failure type="org.openqa.selenium.NoSuchElementException" message="An element could not be located on the page using the given search parameters. (WARNING: The server did not provide any stacktrace information)
Command duration or timeout: 30.59 seconds
For documentation on this error, please visit: http://seleniumhq.org/exceptions/no_such_element.html
Build info: version: &amp;apos;3.4.0&amp;apos;, revision: &amp;apos;unknown&amp;apos;, time: &amp;apos;unknown&amp;apos;
System info: host: &amp;apos;DESKTOP-2SEFOJD&amp;apos;, ip: &amp;apos;192.168.43.3&amp;apos;, os.name: &amp;apos;Windows 10&amp;apos;, os.arch: &amp;apos;amd64&amp;apos;, os.version: &amp;apos;10.0&amp;apos;, java.version: &amp;apos;1.8.0_241&amp;apos;
Driver info: io.appium.java_client.android.AndroidDriver
Capabilities [{appPackage=io.cambi, statBarHeight=78, viewportRect={top=78, left=0, width=1080, height=2053}, deviceName=5200459f4e5c8625, platform=LINUX, deviceUDID=5200459f4e5c8625, desired={app=D:\consumer-dev-2020-01-29.apk, appPackage=io.cambi, platformVersion=10, appWaitActivity=io.cambi.activities.*, autoGrantPermissions=true, platformName=Android, udid=5200459f4e5c8625, deviceName=Galaxy M30, –full-reset=true}, platformVersion=10, webStorageEnabled=false, takesScreenshot=true, javascriptEnabled=true, platformName=Android, udid=5200459f4e5c8625, deviceApiLevel=29, deviceManufacturer=samsung, –full-reset=true, app=D:\consumer-dev-2020-01-29.apk, deviceScreenSize=1080x2340, networkConnectionEnabled=true, warnings={}, appWaitActivity=io.cambi.activities.*, databaseEnabled=false, pixelRatio=2.625, locationContextEnabled=false, autoGrantPermissions=true, deviceScreenDensity=420, deviceModel=SM-M305F}]
Session ID: f7f2cf28-2869-4611-aebe-2367b4610b1c
*** Element info: {Using=xpath, value=//android.widget.EditText[@text=&amp;apos;Enter Token&amp;apos;]}">
      <![CDATA[org.openqa.selenium.NoSuchElementException: An element could not be located on the page using the given search parameters. (WARNING: The server did not provide any stacktrace information)
Command duration or timeout: 30.59 seconds
For documentation on this error, please visit: http://seleniumhq.org/exceptions/no_such_element.html
Build info: version: '3.4.0', revision: 'unknown', time: 'unknown'
System info: host: 'DESKTOP-2SEFOJD', ip: '192.168.43.3', os.name: 'Windows 10', os.arch: 'amd64', os.version: '10.0', java.version: '1.8.0_241'
Driver info: io.appium.java_client.android.AndroidDriver
Capabilities [{appPackage=io.cambi, statBarHeight=78, viewportRect={top=78, left=0, width=1080, height=2053}, deviceName=5200459f4e5c8625, platform=LINUX, deviceUDID=5200459f4e5c8625, desired={app=D:\consumer-dev-2020-01-29.apk, appPackage=io.cambi, platformVersion=10, appWaitActivity=io.cambi.activities.*, autoGrantPermissions=true, platformName=Android, udid=5200459f4e5c8625, deviceName=Galaxy M30, –full-reset=true}, platformVersion=10, webStorageEnabled=false, takesScreenshot=true, javascriptEnabled=true, platformName=Android, udid=5200459f4e5c8625, deviceApiLevel=29, deviceManufacturer=samsung, –full-reset=true, app=D:\consumer-dev-2020-01-29.apk, deviceScreenSize=1080x2340, networkConnectionEnabled=true, warnings={}, appWaitActivity=io.cambi.activities.*, databaseEnabled=false, pixelRatio=2.625, locationContextEnabled=false, autoGrantPermissions=true, deviceScreenDensity=420, deviceModel=SM-M305F}]
Session ID: f7f2cf28-2869-4611-aebe-2367b4610b1c
*** Element info: {Using=xpath, value=//android.widget.EditText[@text='Enter Token']}
at org.openqa.selenium.remote.ErrorHandler.createThrowable(ErrorHandler.java:215)
at org.openqa.selenium.remote.ErrorHandler.throwIfResponseFailed(ErrorHandler.java:167)
at org.openqa.selenium.remote.RemoteWebDriver.execute(RemoteWebDriver.java:671)
at io.appium.java_client.DefaultGenericMobileDriver.execute(DefaultGenericMobileDriver.java:42)
at io.appium.java_client.AppiumDriver.execute(AppiumDriver.java:1)
at io.appium.java_client.android.AndroidDriver.execute(AndroidDriver.java:1)
at org.openqa.selenium.remote.RemoteWebDriver.findElement(RemoteWebDriver.java:410)
at io.appium.java_client.DefaultGenericMobileDriver.findElement(DefaultGenericMobileDriver.java:62)
at io.appium.java_client.AppiumDriver.findElement(AppiumDriver.java:1)
at io.appium.java_client.android.AndroidDriver.findElement(AndroidDriver.java:1)
at org.openqa.selenium.remote.RemoteWebDriver.findElementByXPath(RemoteWebDriver.java:509)
at io.appium.java_client.DefaultGenericMobileDriver.findElementByXPath(DefaultGenericMobileDriver.java:140)
at io.appium.java_client.AppiumDriver.findElementByXPath(AppiumDriver.java:1)
at io.appium.java_client.android.AndroidDriver.findElementByXPath(AndroidDriver.java:1)
at org.openqa.selenium.By$ByXPath.findElement(By.java:361)
at org.openqa.selenium.remote.RemoteWebDriver.findElement(RemoteWebDriver.java:402)
at io.appium.java_client.DefaultGenericMobileDriver.findElement(DefaultGenericMobileDriver.java:58)
at io.appium.java_client.AppiumDriver.findElement(AppiumDriver.java:1)
at io.appium.java_client.android.AndroidDriver.findElement(AndroidDriver.java:1)
at org.openqa.selenium.support.pagefactory.DefaultElementLocator.findElement(DefaultElementLocator.java:69)
at org.openqa.selenium.support.pagefactory.internal.LocatingElementHandler.invoke(LocatingElementHandler.java:38)
at com.sun.proxy.$Proxy10.click(Unknown Source)
at com.cambi.selenium.framework.BasePage.clickOn(BasePage.java:107)
at com.cambi.pages.SignUpPage.enterTokenTextfield(SignUpPage.java:99)
at com.cambi.testscript.SignUpTest.verifyDifferentTextCharacter(SignUpTest.java:132)
at java.util.ArrayList.forEach(Unknown Source)
... Removed 31 stack frames]]>
    </failure>
  </testcase> <!-- verifyDifferentTextCharacter -->
</testsuite> <!-- CambiTest2 -->
