<?xml version="1.0" encoding="UTF-8"?>
<!-- Generated by org.testng.reporters.JUnitXMLReporter -->
<testsuite hostname="DESKTOP-2SEFOJD" ignored="2" name="CambiTest1" tests="25" failures="8" timestamp="2020-04-03T14:56:24 IST" time="2343.153" errors="0">
  <testcase name="HamburgerMenu" time="30.141" classname="com.cambi.testscript.LoginTest"/>
  <testcase name="LoginByPhoneNumber" time="22.976" classname="com.cambi.testscript.LoginTest"/>
  <testcase name="LoginWithInvalidPhoneNumber" time="3.784" classname="com.cambi.testscript.LoginTest"/>
  <testcase name="buyGiftCard" time="42.28" classname="com.cambi.testscript.LoginTest"/>
  <testcase name="changePasswordFunctionality" time="72.574" classname="com.cambi.testscript.LoginTest">
    <failure type="org.openqa.selenium.NoSuchElementException" message="An element could not be located on the page using the given search parameters. (WARNING: The server did not provide any stacktrace information)
Command duration or timeout: 30.80 seconds
For documentation on this error, please visit: http://seleniumhq.org/exceptions/no_such_element.html
Build info: version: &amp;apos;3.4.0&amp;apos;, revision: &amp;apos;unknown&amp;apos;, time: &amp;apos;unknown&amp;apos;
System info: host: &amp;apos;DESKTOP-2SEFOJD&amp;apos;, ip: &amp;apos;192.168.43.3&amp;apos;, os.name: &amp;apos;Windows 10&amp;apos;, os.arch: &amp;apos;amd64&amp;apos;, os.version: &amp;apos;10.0&amp;apos;, java.version: &amp;apos;1.8.0_241&amp;apos;
Driver info: io.appium.java_client.android.AndroidDriver
Capabilities [{appPackage=io.cambi, statBarHeight=78, viewportRect={top=78, left=0, width=1080, height=2053}, deviceName=5200459f4e5c8625, platform=LINUX, deviceUDID=5200459f4e5c8625, desired={app=D:\consumer-dev-2020-01-29.apk, appPackage=io.cambi, platformVersion=10, appWaitActivity=io.cambi.activities.*, autoGrantPermissions=true, platformName=Android, udid=5200459f4e5c8625, deviceName=Galaxy M30, –full-reset=true}, platformVersion=10, webStorageEnabled=false, takesScreenshot=true, javascriptEnabled=true, platformName=Android, udid=5200459f4e5c8625, deviceApiLevel=29, deviceManufacturer=samsung, –full-reset=true, app=D:\consumer-dev-2020-01-29.apk, deviceScreenSize=1080x2340, networkConnectionEnabled=true, warnings={}, appWaitActivity=io.cambi.activities.*, databaseEnabled=false, pixelRatio=2.625, locationContextEnabled=false, autoGrantPermissions=true, deviceScreenDensity=420, deviceModel=SM-M305F}]
Session ID: 4446dfb8-9a83-44a5-aa8f-58cd9c1f39bd
*** Element info: {Using=xpath, value=//android.widget.ImageButton[@index=&amp;apos;10&amp;apos;]}">
      <![CDATA[org.openqa.selenium.NoSuchElementException: An element could not be located on the page using the given search parameters. (WARNING: The server did not provide any stacktrace information)
Command duration or timeout: 30.80 seconds
For documentation on this error, please visit: http://seleniumhq.org/exceptions/no_such_element.html
Build info: version: '3.4.0', revision: 'unknown', time: 'unknown'
System info: host: 'DESKTOP-2SEFOJD', ip: '192.168.43.3', os.name: 'Windows 10', os.arch: 'amd64', os.version: '10.0', java.version: '1.8.0_241'
Driver info: io.appium.java_client.android.AndroidDriver
Capabilities [{appPackage=io.cambi, statBarHeight=78, viewportRect={top=78, left=0, width=1080, height=2053}, deviceName=5200459f4e5c8625, platform=LINUX, deviceUDID=5200459f4e5c8625, desired={app=D:\consumer-dev-2020-01-29.apk, appPackage=io.cambi, platformVersion=10, appWaitActivity=io.cambi.activities.*, autoGrantPermissions=true, platformName=Android, udid=5200459f4e5c8625, deviceName=Galaxy M30, –full-reset=true}, platformVersion=10, webStorageEnabled=false, takesScreenshot=true, javascriptEnabled=true, platformName=Android, udid=5200459f4e5c8625, deviceApiLevel=29, deviceManufacturer=samsung, –full-reset=true, app=D:\consumer-dev-2020-01-29.apk, deviceScreenSize=1080x2340, networkConnectionEnabled=true, warnings={}, appWaitActivity=io.cambi.activities.*, databaseEnabled=false, pixelRatio=2.625, locationContextEnabled=false, autoGrantPermissions=true, deviceScreenDensity=420, deviceModel=SM-M305F}]
Session ID: 4446dfb8-9a83-44a5-aa8f-58cd9c1f39bd
*** Element info: {Using=xpath, value=//android.widget.ImageButton[@index='10']}
at org.openqa.selenium.remote.ErrorHandler.createThrowable(ErrorHandler.java:215)
at org.openqa.selenium.remote.ErrorHandler.throwIfResponseFailed(ErrorHandler.java:167)
at org.openqa.selenium.remote.RemoteWebDriver.execute(RemoteWebDriver.java:671)
at io.appium.java_client.DefaultGenericMobileDriver.execute(DefaultGenericMobileDriver.java:42)
at io.appium.java_client.AppiumDriver.execute(AppiumDriver.java:1)
at io.appium.java_client.android.AndroidDriver.execute(AndroidDriver.java:1)
at org.openqa.selenium.remote.RemoteWebDriver.findElement(RemoteWebDriver.java:410)
at io.appium.java_client.DefaultGenericMobileDriver.findElement(DefaultGenericMobileDriver.java:62)
at io.appium.java_client.AppiumDriver.findElement(AppiumDriver.java:1)
at io.appium.java_client.android.AndroidDriver.findElement(AndroidDriver.java:1)
at org.openqa.selenium.remote.RemoteWebDriver.findElementByXPath(RemoteWebDriver.java:509)
at io.appium.java_client.DefaultGenericMobileDriver.findElementByXPath(DefaultGenericMobileDriver.java:140)
at io.appium.java_client.AppiumDriver.findElementByXPath(AppiumDriver.java:1)
at io.appium.java_client.android.AndroidDriver.findElementByXPath(AndroidDriver.java:1)
at org.openqa.selenium.By$ByXPath.findElement(By.java:361)
at org.openqa.selenium.remote.RemoteWebDriver.findElement(RemoteWebDriver.java:402)
at io.appium.java_client.DefaultGenericMobileDriver.findElement(DefaultGenericMobileDriver.java:58)
at io.appium.java_client.AppiumDriver.findElement(AppiumDriver.java:1)
at io.appium.java_client.android.AndroidDriver.findElement(AndroidDriver.java:1)
at org.openqa.selenium.support.pagefactory.DefaultElementLocator.findElement(DefaultElementLocator.java:69)
at org.openqa.selenium.support.pagefactory.internal.LocatingElementHandler.invoke(LocatingElementHandler.java:38)
at com.sun.proxy.$Proxy10.click(Unknown Source)
at com.cambi.selenium.framework.BasePage.clickOn(BasePage.java:107)
at com.cambi.pages.ProfilePage.enterUpdatePasswordfield(ProfilePage.java:189)
at com.cambi.testscript.LoginTest.changePasswordFunctionality(LoginTest.java:405)
at java.util.ArrayList.forEach(Unknown Source)
... Removed 31 stack frames]]>
    </failure>
  </testcase> <!-- changePasswordFunctionality -->
  <testcase name="editProfileFunctionality" time="60.318" classname="com.cambi.testscript.LoginTest"/>
  <testcase name="sendGiftCard" time="50.198" classname="com.cambi.testscript.LoginTest"/>
  <testcase name="settings" time="35.168" classname="com.cambi.testscript.LoginTest"/>
  <testcase name="verifyBackMyCardPage" time="35.863" classname="com.cambi.testscript.LoginTest">
    <failure type="org.openqa.selenium.StaleElementReferenceException" message="io.appium.uiautomator2.common.exceptions.StaleElementReferenceException: The element &amp;apos;By.xpath: //android.widget.ImageButton[@content-desc=&amp;apos;Navigate up&amp;apos;]&amp;apos; does not exist in DOM anymore
	at io.appium.uiautomator2.model.KnownElements.restoreCachedElement(KnownElements.java:103)
	at io.appium.uiautomator2.model.KnownElements.getElementFromCache(KnownElements.java:122)
	at io.appium.uiautomator2.handler.Click.safeHandle(Click.java:35)
	at io.appium.uiautomator2.handler.request.SafeRequestHandler.handle(SafeRequestHandler.java:37)
	at io.appium.uiautomator2.server.AppiumServlet.handleRequest(AppiumServlet.java:252)
	at io.appium.uiautomator2.server.AppiumServlet.handleHttpRequest(AppiumServlet.java:243)
	at io.appium.uiautomator2.http.ServerHandler.channelRead(ServerHandler.java:44)
	at io.netty.channel.AbstractChannelHandlerContext.invokeChannelRead(AbstractChannelHandlerContext.java:366)
	at io.netty.channel.AbstractChannelHandlerContext.invokeChannelRead(AbstractChannelHandlerContext.java:352)
	at io.netty.channel.AbstractChannelHandlerContext.fireChannelRead(AbstractChannelHandlerContext.java:345)
	at io.netty.handler.codec.MessageToMessageDecoder.channelRead(MessageToMessageDecoder.java:102)
	at io.netty.channel.AbstractChannelHandlerContext.invokeChannelRead(AbstractChannelHandlerContext.java:366)
	at io.netty.channel.AbstractChannelHandlerContext.invokeChannelRead(AbstractChannelHandlerContext.java:352)
	at io.netty.channel.AbstractChannelHandlerContext.fireChannelRead(AbstractChannelHandlerContext.java:345)
	at io.netty.channel.CombinedChannelDuplexHandler$DelegatingChannelHandlerContext.fireChannelRead(CombinedChannelDuplexHandler.java:435)
	at io.netty.handler.codec.ByteToMessageDecoder.fireChannelRead(ByteToMessageDecoder.java:293)
	at io.netty.handler.codec.ByteToMessageDecoder.channelRead(ByteToMessageDecoder.java:267)
	at io.netty.channel.CombinedChannelDuplexHandler.channelRead(CombinedChannelDuplexHandler.java:250)
	at io.netty.channel.AbstractChannelHandlerContext.invokeChannelRead(AbstractChannelHandlerContext.java:366)
	at io.netty.channel.AbstractChannelHandlerContext.invokeChannelRead(AbstractChannelHandlerContext.java:352)
	at io.netty.channel.AbstractChannelHandlerContext.fireChannelRead(AbstractChannelHandlerContext.java:345)
	at io.netty.channel.DefaultChannelPipeline$HeadContext.channelRead(DefaultChannelPipeline.java:1294)
	at io.netty.channel.AbstractChannelHandlerContext.invokeChannelRead(AbstractChannelHandlerContext.java:366)
	at io.netty.channel.AbstractChannelHandlerContext.invokeChannelRead(AbstractChannelHandlerContext.java:352)
	at io.netty.channel.DefaultChannelPipeline.fireChannelRead(DefaultChannelPipeline.java:911)
	at io.netty.channel.nio.AbstractNioByteChannel$NioByteUnsafe.read(AbstractNioByteChannel.java:131)
	at io.netty.channel.nio.NioEventLoop.processSelectedKey(NioEventLoop.java:611)
	at io.netty.channel.nio.NioEventLoop.processSelectedKeysOptimized(NioEventLoop.java:552)
	at io.netty.channel.nio.NioEventLoop.processSelectedKeys(NioEventLoop.java:466)
	at io.netty.channel.nio.NioEventLoop.run(NioEventLoop.java:438)
	at io.netty.util.concurrent.SingleThreadEventExecutor$2.run(SingleThreadEventExecutor.java:140)
	at io.netty.util.concurrent.DefaultThreadFactory$DefaultRunnableDecorator.run(DefaultThreadFactory.java:144)
	at java.lang.Thread.run(Thread.java:919)
 (WARNING: The server did not provide any stacktrace information)
Command duration or timeout: 565 milliseconds
For documentation on this error, please visit: http://seleniumhq.org/exceptions/stale_element_reference.html
Build info: version: &amp;apos;3.4.0&amp;apos;, revision: &amp;apos;unknown&amp;apos;, time: &amp;apos;unknown&amp;apos;
System info: host: &amp;apos;DESKTOP-2SEFOJD&amp;apos;, ip: &amp;apos;192.168.43.3&amp;apos;, os.name: &amp;apos;Windows 10&amp;apos;, os.arch: &amp;apos;amd64&amp;apos;, os.version: &amp;apos;10.0&amp;apos;, java.version: &amp;apos;1.8.0_241&amp;apos;
Driver info: io.appium.java_client.android.AndroidDriver
Capabilities [{appPackage=io.cambi, statBarHeight=78, viewportRect={top=78, left=0, width=1080, height=2053}, deviceName=5200459f4e5c8625, platform=LINUX, deviceUDID=5200459f4e5c8625, desired={app=D:\consumer-dev-2020-01-29.apk, appPackage=io.cambi, platformVersion=10, appWaitActivity=io.cambi.activities.*, autoGrantPermissions=true, platformName=Android, udid=5200459f4e5c8625, deviceName=Galaxy M30, –full-reset=true}, platformVersion=10, webStorageEnabled=false, takesScreenshot=true, javascriptEnabled=true, platformName=Android, udid=5200459f4e5c8625, deviceApiLevel=29, deviceManufacturer=samsung, –full-reset=true, app=D:\consumer-dev-2020-01-29.apk, deviceScreenSize=1080x2340, networkConnectionEnabled=true, warnings={}, appWaitActivity=io.cambi.activities.*, databaseEnabled=false, pixelRatio=2.625, locationContextEnabled=false, autoGrantPermissions=true, deviceScreenDensity=420, deviceModel=SM-M305F}]
Session ID: 14aa6078-2f6e-4cfe-b42a-ee66733f5ebd">
      <![CDATA[org.openqa.selenium.StaleElementReferenceException: io.appium.uiautomator2.common.exceptions.StaleElementReferenceException: The element 'By.xpath: //android.widget.ImageButton[@content-desc='Navigate up']' does not exist in DOM anymore
at io.appium.uiautomator2.model.KnownElements.restoreCachedElement(KnownElements.java:103)
at io.appium.uiautomator2.model.KnownElements.getElementFromCache(KnownElements.java:122)
at io.appium.uiautomator2.handler.Click.safeHandle(Click.java:35)
at io.appium.uiautomator2.handler.request.SafeRequestHandler.handle(SafeRequestHandler.java:37)
at io.appium.uiautomator2.server.AppiumServlet.handleRequest(AppiumServlet.java:252)
at io.appium.uiautomator2.server.AppiumServlet.handleHttpRequest(AppiumServlet.java:243)
at io.appium.uiautomator2.http.ServerHandler.channelRead(ServerHandler.java:44)
at io.netty.channel.AbstractChannelHandlerContext.invokeChannelRead(AbstractChannelHandlerContext.java:366)
at io.netty.channel.AbstractChannelHandlerContext.invokeChannelRead(AbstractChannelHandlerContext.java:352)
at io.netty.channel.AbstractChannelHandlerContext.fireChannelRead(AbstractChannelHandlerContext.java:345)
at io.netty.handler.codec.MessageToMessageDecoder.channelRead(MessageToMessageDecoder.java:102)
at io.netty.channel.AbstractChannelHandlerContext.invokeChannelRead(AbstractChannelHandlerContext.java:366)
at io.netty.channel.AbstractChannelHandlerContext.invokeChannelRead(AbstractChannelHandlerContext.java:352)
at io.netty.channel.AbstractChannelHandlerContext.fireChannelRead(AbstractChannelHandlerContext.java:345)
at io.netty.channel.CombinedChannelDuplexHandler$DelegatingChannelHandlerContext.fireChannelRead(CombinedChannelDuplexHandler.java:435)
at io.netty.handler.codec.ByteToMessageDecoder.fireChannelRead(ByteToMessageDecoder.java:293)
at io.netty.handler.codec.ByteToMessageDecoder.channelRead(ByteToMessageDecoder.java:267)
at io.netty.channel.CombinedChannelDuplexHandler.channelRead(CombinedChannelDuplexHandler.java:250)
at io.netty.channel.AbstractChannelHandlerContext.invokeChannelRead(AbstractChannelHandlerContext.java:366)
at io.netty.channel.AbstractChannelHandlerContext.invokeChannelRead(AbstractChannelHandlerContext.java:352)
at io.netty.channel.AbstractChannelHandlerContext.fireChannelRead(AbstractChannelHandlerContext.java:345)
at io.netty.channel.DefaultChannelPipeline$HeadContext.channelRead(DefaultChannelPipeline.java:1294)
at io.netty.channel.AbstractChannelHandlerContext.invokeChannelRead(AbstractChannelHandlerContext.java:366)
at io.netty.channel.AbstractChannelHandlerContext.invokeChannelRead(AbstractChannelHandlerContext.java:352)
at io.netty.channel.DefaultChannelPipeline.fireChannelRead(DefaultChannelPipeline.java:911)
at io.netty.channel.nio.AbstractNioByteChannel$NioByteUnsafe.read(AbstractNioByteChannel.java:131)
at io.netty.channel.nio.NioEventLoop.processSelectedKey(NioEventLoop.java:611)
at io.netty.channel.nio.NioEventLoop.processSelectedKeysOptimized(NioEventLoop.java:552)
at io.netty.channel.nio.NioEventLoop.processSelectedKeys(NioEventLoop.java:466)
at io.netty.channel.nio.NioEventLoop.run(NioEventLoop.java:438)
at io.netty.util.concurrent.SingleThreadEventExecutor$2.run(SingleThreadEventExecutor.java:140)
at io.netty.util.concurrent.DefaultThreadFactory$DefaultRunnableDecorator.run(DefaultThreadFactory.java:144)
at java.lang.Thread.run(Thread.java:919)
 (WARNING: The server did not provide any stacktrace information)
Command duration or timeout: 565 milliseconds
For documentation on this error, please visit: http://seleniumhq.org/exceptions/stale_element_reference.html
Build info: version: '3.4.0', revision: 'unknown', time: 'unknown'
System info: host: 'DESKTOP-2SEFOJD', ip: '192.168.43.3', os.name: 'Windows 10', os.arch: 'amd64', os.version: '10.0', java.version: '1.8.0_241'
Driver info: io.appium.java_client.android.AndroidDriver
Capabilities [{appPackage=io.cambi, statBarHeight=78, viewportRect={top=78, left=0, width=1080, height=2053}, deviceName=5200459f4e5c8625, platform=LINUX, deviceUDID=5200459f4e5c8625, desired={app=D:\consumer-dev-2020-01-29.apk, appPackage=io.cambi, platformVersion=10, appWaitActivity=io.cambi.activities.*, autoGrantPermissions=true, platformName=Android, udid=5200459f4e5c8625, deviceName=Galaxy M30, –full-reset=true}, platformVersion=10, webStorageEnabled=false, takesScreenshot=true, javascriptEnabled=true, platformName=Android, udid=5200459f4e5c8625, deviceApiLevel=29, deviceManufacturer=samsung, –full-reset=true, app=D:\consumer-dev-2020-01-29.apk, deviceScreenSize=1080x2340, networkConnectionEnabled=true, warnings={}, appWaitActivity=io.cambi.activities.*, databaseEnabled=false, pixelRatio=2.625, locationContextEnabled=false, autoGrantPermissions=true, deviceScreenDensity=420, deviceModel=SM-M305F}]
Session ID: 14aa6078-2f6e-4cfe-b42a-ee66733f5ebd
at org.openqa.selenium.remote.ErrorHandler.createThrowable(ErrorHandler.java:215)
at org.openqa.selenium.remote.ErrorHandler.throwIfResponseFailed(ErrorHandler.java:167)
at org.openqa.selenium.remote.RemoteWebDriver.execute(RemoteWebDriver.java:671)
at io.appium.java_client.DefaultGenericMobileDriver.execute(DefaultGenericMobileDriver.java:42)
at io.appium.java_client.AppiumDriver.execute(AppiumDriver.java:1)
at io.appium.java_client.android.AndroidDriver.execute(AndroidDriver.java:1)
at org.openqa.selenium.remote.RemoteWebElement.execute(RemoteWebElement.java:272)
at io.appium.java_client.DefaultGenericMobileElement.execute(DefaultGenericMobileElement.java:45)
at io.appium.java_client.MobileElement.execute(MobileElement.java:1)
at io.appium.java_client.android.AndroidElement.execute(AndroidElement.java:1)
at org.openqa.selenium.remote.RemoteWebElement.click(RemoteWebElement.java:82)
at org.openqa.selenium.support.pagefactory.internal.LocatingElementHandler.invoke(LocatingElementHandler.java:51)
at com.sun.proxy.$Proxy10.click(Unknown Source)
at com.cambi.selenium.framework.BasePage.clickOn(BasePage.java:107)
at com.cambi.pages.MyCardsPage.tapOnbackBttn(MyCardsPage.java:74)
at com.cambi.testscript.LoginTest.verifyBackMyCardPage(LoginTest.java:739)
at java.util.ArrayList.forEach(Unknown Source)
... Removed 34 stack frames]]>
    </failure>
  </testcase> <!-- verifyBackMyCardPage -->
  <testcase name="verifyCardDetailsBox" time="37.488" classname="com.cambi.testscript.LoginTest">
    <failure type="org.openqa.selenium.StaleElementReferenceException" message="androidx.test.uiautomator.StaleObjectException
	at androidx.test.uiautomator.UiObject2.getAccessibilityNodeInfo(UiObject2.java:647)
	at androidx.test.uiautomator.UiObject2.getVisibleBounds(UiObject2.java:213)
	at androidx.test.uiautomator.UiObject2.getVisibleCenter(UiObject2.java:264)
	at androidx.test.uiautomator.UiObject2.click(UiObject2.java:356)
	at io.appium.uiautomator2.model.UiObject2Element.click(UiObject2Element.java:69)
	at io.appium.uiautomator2.handler.Click.safeHandle(Click.java:39)
	at io.appium.uiautomator2.handler.request.SafeRequestHandler.handle(SafeRequestHandler.java:37)
	at io.appium.uiautomator2.server.AppiumServlet.handleRequest(AppiumServlet.java:252)
	at io.appium.uiautomator2.server.AppiumServlet.handleHttpRequest(AppiumServlet.java:243)
	at io.appium.uiautomator2.http.ServerHandler.channelRead(ServerHandler.java:44)
	at io.netty.channel.AbstractChannelHandlerContext.invokeChannelRead(AbstractChannelHandlerContext.java:366)
	at io.netty.channel.AbstractChannelHandlerContext.invokeChannelRead(AbstractChannelHandlerContext.java:352)
	at io.netty.channel.AbstractChannelHandlerContext.fireChannelRead(AbstractChannelHandlerContext.java:345)
	at io.netty.handler.codec.MessageToMessageDecoder.channelRead(MessageToMessageDecoder.java:102)
	at io.netty.channel.AbstractChannelHandlerContext.invokeChannelRead(AbstractChannelHandlerContext.java:366)
	at io.netty.channel.AbstractChannelHandlerContext.invokeChannelRead(AbstractChannelHandlerContext.java:352)
	at io.netty.channel.AbstractChannelHandlerContext.fireChannelRead(AbstractChannelHandlerContext.java:345)
	at io.netty.channel.CombinedChannelDuplexHandler$DelegatingChannelHandlerContext.fireChannelRead(CombinedChannelDuplexHandler.java:435)
	at io.netty.handler.codec.ByteToMessageDecoder.fireChannelRead(ByteToMessageDecoder.java:293)
	at io.netty.handler.codec.ByteToMessageDecoder.channelRead(ByteToMessageDecoder.java:267)
	at io.netty.channel.CombinedChannelDuplexHandler.channelRead(CombinedChannelDuplexHandler.java:250)
	at io.netty.channel.AbstractChannelHandlerContext.invokeChannelRead(AbstractChannelHandlerContext.java:366)
	at io.netty.channel.AbstractChannelHandlerContext.invokeChannelRead(AbstractChannelHandlerContext.java:352)
	at io.netty.channel.AbstractChannelHandlerContext.fireChannelRead(AbstractChannelHandlerContext.java:345)
	at io.netty.channel.DefaultChannelPipeline$HeadContext.channelRead(DefaultChannelPipeline.java:1294)
	at io.netty.channel.AbstractChannelHandlerContext.invokeChannelRead(AbstractChannelHandlerContext.java:366)
	at io.netty.channel.AbstractChannelHandlerContext.invokeChannelRead(AbstractChannelHandlerContext.java:352)
	at io.netty.channel.DefaultChannelPipeline.fireChannelRead(DefaultChannelPipeline.java:911)
	at io.netty.channel.nio.AbstractNioByteChannel$NioByteUnsafe.read(AbstractNioByteChannel.java:131)
	at io.netty.channel.nio.NioEventLoop.processSelectedKey(NioEventLoop.java:611)
	at io.netty.channel.nio.NioEventLoop.processSelectedKeysOptimized(NioEventLoop.java:552)
	at io.netty.channel.nio.NioEventLoop.processSelectedKeys(NioEventLoop.java:466)
	at io.netty.channel.nio.NioEventLoop.run(NioEventLoop.java:438)
	at io.netty.util.concurrent.SingleThreadEventExecutor$2.run(SingleThreadEventExecutor.java:140)
	at io.netty.util.concurrent.DefaultThreadFactory$DefaultRunnableDecorator.run(DefaultThreadFactory.java:144)
	at java.lang.Thread.run(Thread.java:919)
 (WARNING: The server did not provide any stacktrace information)
Command duration or timeout: 2.47 seconds
For documentation on this error, please visit: http://seleniumhq.org/exceptions/stale_element_reference.html
Build info: version: &amp;apos;3.4.0&amp;apos;, revision: &amp;apos;unknown&amp;apos;, time: &amp;apos;unknown&amp;apos;
System info: host: &amp;apos;DESKTOP-2SEFOJD&amp;apos;, ip: &amp;apos;192.168.43.3&amp;apos;, os.name: &amp;apos;Windows 10&amp;apos;, os.arch: &amp;apos;amd64&amp;apos;, os.version: &amp;apos;10.0&amp;apos;, java.version: &amp;apos;1.8.0_241&amp;apos;
Driver info: io.appium.java_client.android.AndroidDriver
Capabilities [{appPackage=io.cambi, statBarHeight=78, viewportRect={top=78, left=0, width=1080, height=2053}, deviceName=5200459f4e5c8625, platform=LINUX, deviceUDID=5200459f4e5c8625, desired={app=D:\consumer-dev-2020-01-29.apk, appPackage=io.cambi, platformVersion=10, appWaitActivity=io.cambi.activities.*, autoGrantPermissions=true, platformName=Android, udid=5200459f4e5c8625, deviceName=Galaxy M30, –full-reset=true}, platformVersion=10, webStorageEnabled=false, takesScreenshot=true, javascriptEnabled=true, platformName=Android, udid=5200459f4e5c8625, deviceApiLevel=29, deviceManufacturer=samsung, –full-reset=true, app=D:\consumer-dev-2020-01-29.apk, deviceScreenSize=1080x2340, networkConnectionEnabled=true, warnings={}, appWaitActivity=io.cambi.activities.*, databaseEnabled=false, pixelRatio=2.625, locationContextEnabled=false, autoGrantPermissions=true, deviceScreenDensity=420, deviceModel=SM-M305F}]
Session ID: 8fdfeb2e-0be3-42b9-a563-ff64cca723af">
      <![CDATA[org.openqa.selenium.StaleElementReferenceException: androidx.test.uiautomator.StaleObjectException
at androidx.test.uiautomator.UiObject2.getAccessibilityNodeInfo(UiObject2.java:647)
at androidx.test.uiautomator.UiObject2.getVisibleBounds(UiObject2.java:213)
at androidx.test.uiautomator.UiObject2.getVisibleCenter(UiObject2.java:264)
at androidx.test.uiautomator.UiObject2.click(UiObject2.java:356)
at io.appium.uiautomator2.model.UiObject2Element.click(UiObject2Element.java:69)
at io.appium.uiautomator2.handler.Click.safeHandle(Click.java:39)
at io.appium.uiautomator2.handler.request.SafeRequestHandler.handle(SafeRequestHandler.java:37)
at io.appium.uiautomator2.server.AppiumServlet.handleRequest(AppiumServlet.java:252)
at io.appium.uiautomator2.server.AppiumServlet.handleHttpRequest(AppiumServlet.java:243)
at io.appium.uiautomator2.http.ServerHandler.channelRead(ServerHandler.java:44)
at io.netty.channel.AbstractChannelHandlerContext.invokeChannelRead(AbstractChannelHandlerContext.java:366)
at io.netty.channel.AbstractChannelHandlerContext.invokeChannelRead(AbstractChannelHandlerContext.java:352)
at io.netty.channel.AbstractChannelHandlerContext.fireChannelRead(AbstractChannelHandlerContext.java:345)
at io.netty.handler.codec.MessageToMessageDecoder.channelRead(MessageToMessageDecoder.java:102)
at io.netty.channel.AbstractChannelHandlerContext.invokeChannelRead(AbstractChannelHandlerContext.java:366)
at io.netty.channel.AbstractChannelHandlerContext.invokeChannelRead(AbstractChannelHandlerContext.java:352)
at io.netty.channel.AbstractChannelHandlerContext.fireChannelRead(AbstractChannelHandlerContext.java:345)
at io.netty.channel.CombinedChannelDuplexHandler$DelegatingChannelHandlerContext.fireChannelRead(CombinedChannelDuplexHandler.java:435)
at io.netty.handler.codec.ByteToMessageDecoder.fireChannelRead(ByteToMessageDecoder.java:293)
at io.netty.handler.codec.ByteToMessageDecoder.channelRead(ByteToMessageDecoder.java:267)
at io.netty.channel.CombinedChannelDuplexHandler.channelRead(CombinedChannelDuplexHandler.java:250)
at io.netty.channel.AbstractChannelHandlerContext.invokeChannelRead(AbstractChannelHandlerContext.java:366)
at io.netty.channel.AbstractChannelHandlerContext.invokeChannelRead(AbstractChannelHandlerContext.java:352)
at io.netty.channel.AbstractChannelHandlerContext.fireChannelRead(AbstractChannelHandlerContext.java:345)
at io.netty.channel.DefaultChannelPipeline$HeadContext.channelRead(DefaultChannelPipeline.java:1294)
at io.netty.channel.AbstractChannelHandlerContext.invokeChannelRead(AbstractChannelHandlerContext.java:366)
at io.netty.channel.AbstractChannelHandlerContext.invokeChannelRead(AbstractChannelHandlerContext.java:352)
at io.netty.channel.DefaultChannelPipeline.fireChannelRead(DefaultChannelPipeline.java:911)
at io.netty.channel.nio.AbstractNioByteChannel$NioByteUnsafe.read(AbstractNioByteChannel.java:131)
at io.netty.channel.nio.NioEventLoop.processSelectedKey(NioEventLoop.java:611)
at io.netty.channel.nio.NioEventLoop.processSelectedKeysOptimized(NioEventLoop.java:552)
at io.netty.channel.nio.NioEventLoop.processSelectedKeys(NioEventLoop.java:466)
at io.netty.channel.nio.NioEventLoop.run(NioEventLoop.java:438)
at io.netty.util.concurrent.SingleThreadEventExecutor$2.run(SingleThreadEventExecutor.java:140)
at io.netty.util.concurrent.DefaultThreadFactory$DefaultRunnableDecorator.run(DefaultThreadFactory.java:144)
at java.lang.Thread.run(Thread.java:919)
 (WARNING: The server did not provide any stacktrace information)
Command duration or timeout: 2.47 seconds
For documentation on this error, please visit: http://seleniumhq.org/exceptions/stale_element_reference.html
Build info: version: '3.4.0', revision: 'unknown', time: 'unknown'
System info: host: 'DESKTOP-2SEFOJD', ip: '192.168.43.3', os.name: 'Windows 10', os.arch: 'amd64', os.version: '10.0', java.version: '1.8.0_241'
Driver info: io.appium.java_client.android.AndroidDriver
Capabilities [{appPackage=io.cambi, statBarHeight=78, viewportRect={top=78, left=0, width=1080, height=2053}, deviceName=5200459f4e5c8625, platform=LINUX, deviceUDID=5200459f4e5c8625, desired={app=D:\consumer-dev-2020-01-29.apk, appPackage=io.cambi, platformVersion=10, appWaitActivity=io.cambi.activities.*, autoGrantPermissions=true, platformName=Android, udid=5200459f4e5c8625, deviceName=Galaxy M30, –full-reset=true}, platformVersion=10, webStorageEnabled=false, takesScreenshot=true, javascriptEnabled=true, platformName=Android, udid=5200459f4e5c8625, deviceApiLevel=29, deviceManufacturer=samsung, –full-reset=true, app=D:\consumer-dev-2020-01-29.apk, deviceScreenSize=1080x2340, networkConnectionEnabled=true, warnings={}, appWaitActivity=io.cambi.activities.*, databaseEnabled=false, pixelRatio=2.625, locationContextEnabled=false, autoGrantPermissions=true, deviceScreenDensity=420, deviceModel=SM-M305F}]
Session ID: 8fdfeb2e-0be3-42b9-a563-ff64cca723af
at org.openqa.selenium.remote.ErrorHandler.createThrowable(ErrorHandler.java:215)
at org.openqa.selenium.remote.ErrorHandler.throwIfResponseFailed(ErrorHandler.java:167)
at org.openqa.selenium.remote.RemoteWebDriver.execute(RemoteWebDriver.java:671)
at io.appium.java_client.DefaultGenericMobileDriver.execute(DefaultGenericMobileDriver.java:42)
at io.appium.java_client.AppiumDriver.execute(AppiumDriver.java:1)
at io.appium.java_client.android.AndroidDriver.execute(AndroidDriver.java:1)
at org.openqa.selenium.remote.RemoteWebElement.execute(RemoteWebElement.java:272)
at io.appium.java_client.DefaultGenericMobileElement.execute(DefaultGenericMobileElement.java:45)
at io.appium.java_client.MobileElement.execute(MobileElement.java:1)
at io.appium.java_client.android.AndroidElement.execute(AndroidElement.java:1)
at org.openqa.selenium.remote.RemoteWebElement.click(RemoteWebElement.java:82)
at org.openqa.selenium.support.pagefactory.internal.LocatingElementHandler.invoke(LocatingElementHandler.java:51)
at com.sun.proxy.$Proxy10.click(Unknown Source)
at com.cambi.selenium.framework.BasePage.clickOn(BasePage.java:107)
at com.cambi.pages.MyCardsPage.tapOnCard(MyCardsPage.java:91)
at com.cambi.testscript.LoginTest.verifyCardDetailsBox(LoginTest.java:798)
at java.util.ArrayList.forEach(Unknown Source)
... Removed 34 stack frames]]>
    </failure>
  </testcase> <!-- verifyCardDetailsBox -->
  <testcase name="verifyEditProfileElements" time="70.715" classname="com.cambi.testscript.LoginTest">
    <failure type="java.lang.AssertionError" message="Show Password button is not appearing did not expect to find [true] but found [false]">
      <![CDATA[java.lang.AssertionError: Show Password button is not appearing did not expect to find [true] but found [false]
at com.cambi.pages.ProfilePage.verifyChangePasswordField(ProfilePage.java:147)
at com.cambi.testscript.LoginTest.verifyEditProfileElements(LoginTest.java:326)
at java.util.ArrayList.forEach(Unknown Source)
... Removed 30 stack frames]]>
    </failure>
  </testcase> <!-- verifyEditProfileElements -->
  <testcase name="verifyHistoryFunctionality" time="34.823" classname="com.cambi.testscript.LoginTest"/>
  <testcase name="verifyHistoryPage" time="38.387" classname="com.cambi.testscript.LoginTest"/>
  <testcase name="verifyLogOut" time="27.993" classname="com.cambi.testscript.LoginTest"/>
  <testcase name="verifyMyCardPage" time="39.592" classname="com.cambi.testscript.LoginTest"/>
  <testcase name="verifyNotificationicon" time="26.072" classname="com.cambi.testscript.LoginTest"/>
  <testcase name="verifyPrivacyPolicy" time="43.518" classname="com.cambi.testscript.LoginTest"/>
  <testcase name="verifySignupForLoyalty" time="66.344" classname="com.cambi.testscript.LoginTest">
    <failure type="java.lang.AssertionError" message="Subscribe button is not appearing did not expect to find [true] but found [false]">
      <![CDATA[java.lang.AssertionError: Subscribe button is not appearing did not expect to find [true] but found [false]
at com.cambi.pages.SignupForLoyaltyPage.tapOnSignupForLoyalty(SignupForLoyaltyPage.java:28)
at com.cambi.testscript.LoginTest.verifySignupForLoyalty(LoginTest.java:518)
at java.util.ArrayList.forEach(Unknown Source)
... Removed 30 stack frames]]>
    </failure>
  </testcase> <!-- verifySignupForLoyalty -->
  <testcase name="verifyStoreAlreadyRegisteredForLoyaltyProgram" time="30.859" classname="com.cambi.testscript.LoginTest"/>
  <testcase name="verifyStoreSearchFeature" time="41.203" classname="com.cambi.testscript.LoginTest"/>
  <testcase name="verifyTapOnNotificationicon" time="56.571" classname="com.cambi.testscript.LoginTest">
    <failure type="java.lang.AssertionError" message="Notification icon is not appearing did not expect to find [true] but found [false]">
      <![CDATA[java.lang.AssertionError: Notification icon is not appearing did not expect to find [true] but found [false]
at com.cambi.pages.NotificationPage.vverifyNotificationPage(NotificationPage.java:44)
at com.cambi.testscript.LoginTest.verifyTapOnNotificationicon(LoginTest.java:686)
at java.util.ArrayList.forEach(Unknown Source)
... Removed 30 stack frames]]>
    </failure>
  </testcase> <!-- verifyTapOnNotificationicon -->
  <testcase name="verifyTermsAndCondition" time="41.793" classname="com.cambi.testscript.LoginTest"/>
  <testcase name="verifyTransactionsHistory" time="37.607" classname="com.cambi.testscript.LoginTest"/>
  <testcase name="verifyprofilepage" time="167.17" classname="com.cambi.testscript.LoginTest">
    <failure type="org.openqa.selenium.NoSuchElementException" message="An element could not be located on the page using the given search parameters. (WARNING: The server did not provide any stacktrace information)
Command duration or timeout: 30.46 seconds
For documentation on this error, please visit: http://seleniumhq.org/exceptions/no_such_element.html
Build info: version: &amp;apos;3.4.0&amp;apos;, revision: &amp;apos;unknown&amp;apos;, time: &amp;apos;unknown&amp;apos;
System info: host: &amp;apos;DESKTOP-2SEFOJD&amp;apos;, ip: &amp;apos;192.168.43.3&amp;apos;, os.name: &amp;apos;Windows 10&amp;apos;, os.arch: &amp;apos;amd64&amp;apos;, os.version: &amp;apos;10.0&amp;apos;, java.version: &amp;apos;1.8.0_241&amp;apos;
Driver info: io.appium.java_client.android.AndroidDriver
Capabilities [{appPackage=io.cambi, statBarHeight=78, viewportRect={top=78, left=0, width=1080, height=2053}, deviceName=5200459f4e5c8625, platform=LINUX, deviceUDID=5200459f4e5c8625, desired={app=D:\consumer-dev-2020-01-29.apk, appPackage=io.cambi, platformVersion=10, appWaitActivity=io.cambi.activities.*, autoGrantPermissions=true, platformName=Android, udid=5200459f4e5c8625, deviceName=Galaxy M30, –full-reset=true}, platformVersion=10, webStorageEnabled=false, takesScreenshot=true, javascriptEnabled=true, platformName=Android, udid=5200459f4e5c8625, deviceApiLevel=29, deviceManufacturer=samsung, –full-reset=true, app=D:\consumer-dev-2020-01-29.apk, deviceScreenSize=1080x2340, networkConnectionEnabled=true, warnings={}, appWaitActivity=io.cambi.activities.*, databaseEnabled=false, pixelRatio=2.625, locationContextEnabled=false, autoGrantPermissions=true, deviceScreenDensity=420, deviceModel=SM-M305F}]
Session ID: 27c72929-5260-4116-9abf-1807ce0eb2c9
*** Element info: {Using=xpath, value=//android.widget.Button[@text=&amp;apos;NO&amp;apos;]}">
      <![CDATA[org.openqa.selenium.NoSuchElementException: An element could not be located on the page using the given search parameters. (WARNING: The server did not provide any stacktrace information)
Command duration or timeout: 30.46 seconds
For documentation on this error, please visit: http://seleniumhq.org/exceptions/no_such_element.html
Build info: version: '3.4.0', revision: 'unknown', time: 'unknown'
System info: host: 'DESKTOP-2SEFOJD', ip: '192.168.43.3', os.name: 'Windows 10', os.arch: 'amd64', os.version: '10.0', java.version: '1.8.0_241'
Driver info: io.appium.java_client.android.AndroidDriver
Capabilities [{appPackage=io.cambi, statBarHeight=78, viewportRect={top=78, left=0, width=1080, height=2053}, deviceName=5200459f4e5c8625, platform=LINUX, deviceUDID=5200459f4e5c8625, desired={app=D:\consumer-dev-2020-01-29.apk, appPackage=io.cambi, platformVersion=10, appWaitActivity=io.cambi.activities.*, autoGrantPermissions=true, platformName=Android, udid=5200459f4e5c8625, deviceName=Galaxy M30, –full-reset=true}, platformVersion=10, webStorageEnabled=false, takesScreenshot=true, javascriptEnabled=true, platformName=Android, udid=5200459f4e5c8625, deviceApiLevel=29, deviceManufacturer=samsung, –full-reset=true, app=D:\consumer-dev-2020-01-29.apk, deviceScreenSize=1080x2340, networkConnectionEnabled=true, warnings={}, appWaitActivity=io.cambi.activities.*, databaseEnabled=false, pixelRatio=2.625, locationContextEnabled=false, autoGrantPermissions=true, deviceScreenDensity=420, deviceModel=SM-M305F}]
Session ID: 27c72929-5260-4116-9abf-1807ce0eb2c9
*** Element info: {Using=xpath, value=//android.widget.Button[@text='NO']}
at org.openqa.selenium.remote.ErrorHandler.createThrowable(ErrorHandler.java:215)
at org.openqa.selenium.remote.ErrorHandler.throwIfResponseFailed(ErrorHandler.java:167)
at org.openqa.selenium.remote.RemoteWebDriver.execute(RemoteWebDriver.java:671)
at io.appium.java_client.DefaultGenericMobileDriver.execute(DefaultGenericMobileDriver.java:42)
at io.appium.java_client.AppiumDriver.execute(AppiumDriver.java:1)
at io.appium.java_client.android.AndroidDriver.execute(AndroidDriver.java:1)
at org.openqa.selenium.remote.RemoteWebDriver.findElement(RemoteWebDriver.java:410)
at io.appium.java_client.DefaultGenericMobileDriver.findElement(DefaultGenericMobileDriver.java:62)
at io.appium.java_client.AppiumDriver.findElement(AppiumDriver.java:1)
at io.appium.java_client.android.AndroidDriver.findElement(AndroidDriver.java:1)
at org.openqa.selenium.remote.RemoteWebDriver.findElementByXPath(RemoteWebDriver.java:509)
at io.appium.java_client.DefaultGenericMobileDriver.findElementByXPath(DefaultGenericMobileDriver.java:140)
at io.appium.java_client.AppiumDriver.findElementByXPath(AppiumDriver.java:1)
at io.appium.java_client.android.AndroidDriver.findElementByXPath(AndroidDriver.java:1)
at org.openqa.selenium.By$ByXPath.findElement(By.java:361)
at org.openqa.selenium.remote.RemoteWebDriver.findElement(RemoteWebDriver.java:402)
at io.appium.java_client.DefaultGenericMobileDriver.findElement(DefaultGenericMobileDriver.java:58)
at io.appium.java_client.AppiumDriver.findElement(AppiumDriver.java:1)
at io.appium.java_client.android.AndroidDriver.findElement(AndroidDriver.java:1)
at com.cambi.selenium.framework.BasePage.waitForElement(BasePage.java:252)
at com.cambi.pages.HamburgerMenu.tapOnHamburgerMenu(HamburgerMenu.java:62)
at com.cambi.testscript.LoginTest.verifyprofilepage(LoginTest.java:280)
at java.util.ArrayList.forEach(Unknown Source)
... Removed 31 stack frames]]>
    </failure>
  </testcase> <!-- verifyprofilepage -->
  <testcase name="verifyHomePageAndElements" time="69.673" classname="com.cambi.testscript.LoginTest">
    <failure type="java.lang.AssertionError" message="Near By store page is not appearing did not expect to find [true] but found [false]">
      <![CDATA[java.lang.AssertionError: Near By store page is not appearing did not expect to find [true] but found [false]
at com.cambi.pages.NearbyStoresPage.verifyNearByStoresPageTilte(NearbyStoresPage.java:40)
at com.cambi.testscript.LoginTest.verifyHomePageAndElements(LoginTest.java:87)
at java.util.ArrayList.forEach(Unknown Source)
... Removed 30 stack frames]]>
    </failure>
  </testcase> <!-- verifyHomePageAndElements -->
  <testcase name="verifyScrollFunctionality" time="0.0" classname="com.cambi.testscript.LoginTest">
    <ignored/>
  </testcase> <!-- verifyScrollFunctionality -->
  <testcase name="pageScrollFunctionalityy" time="0.0" classname="com.cambi.testscript.LoginTest">
    <ignored/>
  </testcase> <!-- pageScrollFunctionalityy -->
</testsuite> <!-- CambiTest1 -->
